<?xml version="1.0" encoding="UTF-8"?>
<!-- Generated by org.testng.reporters.JUnitReportReporter -->
<testsuite hostname="Prasuns-MacBook-Pro.local" failures="0" tests="2" name="Academy.HomePage" time="17.650" errors="0" timestamp="21 Dec 2019 14:44:59 GMT" skipped="0">
  <testcase classname="Academy.HomePage" name="basePageNavigation" time="12.683"/>
  <testcase classname="Academy.HomePage" name="basePageNavigation" time="4.967"/>
</testsuite> <!-- Academy.HomePage -->
