<?xml version="1.0" encoding="UTF-8"?>
<!-- Generated by org.testng.reporters.JUnitReportReporter -->
<testsuite hostname="Prasuns-MacBook-Pro.local" failures="0" tests="2" name="Academy.HomePage" time="16.785" errors="0" timestamp="23 Dec 2019 01:34:37 GMT" skipped="0">
  <testcase classname="Academy.HomePage" name="basePageNavigation" time="11.051"/>
  <testcase classname="Academy.HomePage" name="basePageNavigation" time="5.734"/>
</testsuite> <!-- Academy.HomePage -->
