<?xml version="1.0" encoding="UTF-8"?>
<!-- Generated by org.testng.reporters.JUnitReportReporter -->
<testsuite hostname="Prasuns-MacBook-Pro.local" failures="0" tests="2" name="Academy.HomePage" time="17.436" errors="0" timestamp="2019-12-23T14:32:14 EST" skipped="0">
  <testcase classname="Academy.HomePage" name="basePageLogin" time="12.216"/>
  <testcase classname="Academy.HomePage" name="basePageLogin" time="5.220"/>
</testsuite> <!-- Academy.HomePage -->
