<?xml version="1.0" encoding="UTF-8"?>
<!-- Generated by org.testng.reporters.JUnitReportReporter -->
<testsuite hostname="Prasuns-MacBook-Pro.local" failures="0" tests="1" name="Academy.AppTest" time="0.010" errors="0" timestamp="21 Dec 2019 12:04:09 GMT" skipped="0">
  <testcase classname="Academy.AppTest" name="testApp" time="0.010"/>
</testsuite> <!-- Academy.AppTest -->
