<?xml version="1.0" encoding="UTF-8"?>
<!-- Generated by org.testng.reporters.JUnitReportReporter -->
<testsuite hostname="Prasuns-MacBook-Pro.local" failures="0" tests="1" name="Academy.ValidateNavBar" time="0.086" errors="0" timestamp="23 Dec 2019 01:34:37 GMT" skipped="0">
  <testcase classname="Academy.ValidateNavBar" name="basePageNavigation" time="0.086"/>
</testsuite> <!-- Academy.ValidateNavBar -->
