<?xml version="1.0" encoding="UTF-8"?>
<!-- Generated by org.testng.reporters.JUnitReportReporter -->
<testsuite hostname="Prasuns-MacBook-Pro.local" failures="0" tests="1" name="Academy.ValidateNavBar" time="0.097" errors="0" timestamp="2019-12-23T14:32:14 EST" skipped="0">
  <testcase classname="Academy.ValidateNavBar" name="PageNavigation" time="0.097"/>
</testsuite> <!-- Academy.ValidateNavBar -->
