<?xml version="1.0" encoding="UTF-8"?>
<!-- Generated by org.testng.reporters.JUnitReportReporter -->
<testsuite hostname="Prasuns-MacBook-Pro.local" failures="0" tests="2" name="Academy.HomePage" time="43.859" errors="0" timestamp="22 Dec 2019 00:41:06 GMT" skipped="0">
  <testcase classname="Academy.HomePage" name="basePageNavigation" time="27.650"/>
  <testcase classname="Academy.HomePage" name="basePageNavigation" time="16.209"/>
</testsuite> <!-- Academy.HomePage -->
