<?xml version="1.0" encoding="UTF-8"?>
<!-- Generated by org.testng.reporters.JUnitReportReporter -->
<testsuite hostname="Prasuns-MacBook-Pro.local" failures="0" tests="1" name="Academy.ValidateNavBar" time="0.061" errors="0" timestamp="23 Dec 2019 19:33:26 GMT" skipped="0">
  <testcase classname="Academy.ValidateNavBar" name="PageNavigation" time="0.061"/>
</testsuite> <!-- Academy.ValidateNavBar -->
