<?xml version="1.0" encoding="UTF-8"?>
<!-- Generated by org.testng.reporters.JUnitReportReporter -->
<testsuite hostname="Prasuns-MacBook-Pro.local" failures="0" tests="2" name="Academy.HomePage" time="19.153" errors="0" timestamp="23 Dec 2019 19:33:26 GMT" skipped="0">
  <testcase classname="Academy.HomePage" name="basePageLogin" time="13.565"/>
  <testcase classname="Academy.HomePage" name="basePageLogin" time="5.588"/>
</testsuite> <!-- Academy.HomePage -->
