<?xml version="1.0" encoding="UTF-8"?>
<!-- Generated by org.testng.reporters.JUnitReportReporter -->
<testsuite hostname="Prasuns-MacBook-Pro.local" failures="0" tests="1" name="Academy.ValidateTitle" time="0.044" errors="0" timestamp="23 Dec 2019 19:33:26 GMT" skipped="0">
  <testcase classname="Academy.ValidateTitle" name="basePageValidateTitle" time="0.044"/>
</testsuite> <!-- Academy.ValidateTitle -->
