<?xml version="1.0" encoding="UTF-8"?>
<!-- Generated by org.testng.reporters.JUnitReportReporter -->
<testsuite hostname="Prasuns-MacBook-Pro.local" failures="0" tests="1" name="Academy.ValidateTitle" time="0.050" errors="0" timestamp="21 Dec 2019 23:18:24 GMT" skipped="0">
  <testcase classname="Academy.ValidateTitle" name="basePageNavigation" time="0.050"/>
</testsuite> <!-- Academy.ValidateTitle -->
